<?xml version="1.0" encoding="UTF-8"?>
<!-- Generated by org.testng.reporters.JUnitReportReporter -->
<testsuite hostname="DESKTOP-CJHNGKT" failures="0" tests="1" name="unitestcasespack.TestNGT" time="0.022" errors="0" timestamp="2024-06-20T23:25:16 IST" skipped="0">
  <testcase classname="unitestcasespack.TestNGT" name="print" time="0.022"/>
  <system-out/>
</testsuite> <!-- unitestcasespack.TestNGT -->
